\BOOKMARK [0][-]{titulo.0}{\376\377\000P\000\341\000g\000i\000n\000a\000\040\000d\000e\000\040\000T\000\355\000t\000u\000l\000o}{}% 1
\BOOKMARK [0][-]{indices.0}{\376\377\000\315\000n\000d\000i\000c\000e\000s}{}% 2
\BOOKMARK [1][-]{tabla de contenidos.1}{\376\377\000T\000a\000b\000l\000a\000\040\000d\000e\000\040\000C\000o\000n\000t\000e\000n\000i\000d\000o\000s}{indices.0}% 3
\BOOKMARK [1][-]{indice de figuras.1}{\376\377\000\315\000n\000d\000i\000c\000e\000\040\000d\000e\000\040\000f\000i\000g\000u\000r\000a\000s}{indices.0}% 4
\BOOKMARK [0][-]{chapter.8}{\376\377\000I\000n\000t\000r\000o\000d\000u\000c\000c\000i\000\363\000n}{}% 5
\BOOKMARK [1][-]{section.9}{\376\377\000M\000o\000t\000i\000v\000a\000c\000i\000\363\000n}{chapter.8}% 6
\BOOKMARK [1][-]{section.10}{\376\377\000P\000l\000a\000n\000\040\000d\000e\000\040\000t\000r\000a\000b\000a\000j\000o}{chapter.8}% 7
\BOOKMARK [0][-]{chapter.16}{\376\377\000I\000n\000t\000r\000o\000d\000u\000c\000t\000i\000o\000n}{}% 8
\BOOKMARK [1][-]{section.17}{\376\377\000M\000o\000t\000i\000v\000a\000t\000i\000o\000n}{chapter.16}% 9
\BOOKMARK [1][-]{section.18}{\376\377\000W\000o\000r\000k\000\040\000p\000l\000a\000n}{chapter.16}% 10
\BOOKMARK [0][-]{chapter.24}{\376\377\000E\000s\000t\000a\000d\000o\000\040\000d\000e\000\040\000l\000a\000\040\000C\000u\000e\000s\000t\000i\000\363\000n}{}% 11
\BOOKMARK [1][-]{section.25}{\376\377\000D\000a\000t\000o\000s}{chapter.24}% 12
\BOOKMARK [1][-]{section.26}{\376\377\000N\000u\000b\000e\000s}{chapter.24}% 13
\BOOKMARK [1][-]{section.27}{\376\377\000I\000n\000t\000e\000l\000i\000g\000e\000n\000c\000i\000a\000\040\000A\000r\000t\000i\000f\000i\000c\000i\000a\000l}{chapter.24}% 14
\BOOKMARK [1][-]{section.28}{\376\377\000T\000r\000a\000b\000a\000j\000o\000s\000\040\000a\000n\000t\000e\000r\000i\000o\000r\000e\000s}{chapter.24}% 15
\BOOKMARK [2][-]{subsection.29}{\376\377\000T\000r\000a\000b\000a\000j\000o\000s\000\040\000d\000i\000r\000i\000g\000i\000d\000o\000s\000\040\000a\000\040\000.\000.\000.\000\040}{section.28}% 16
\BOOKMARK [0][-]{chapter.30}{\376\377\000M\000a\000t\000e\000r\000i\000a\000l\000e\000s\000\040\000y\000\040\000m\000e\000t\000o\000d\000o\000s}{}% 17
\BOOKMARK [1][-]{section.31}{\376\377\000I\000n\000v\000e\000s\000t\000i\000g\000a\000c\000i\000\363\000n}{chapter.30}% 18
\BOOKMARK [2][-]{subsection.32}{\376\377\000F\000u\000e\000n\000t\000e\000s\000\040\000d\000e\000\040\000d\000a\000t\000o\000s}{section.31}% 19
\BOOKMARK [2][-]{subsection.33}{\376\377\000D\000a\000t\000o\000s\000\040\000d\000e\000\040\000F\000a\000c\000e\000b\000o\000o\000k}{section.31}% 20
\BOOKMARK [2][-]{subsection.34}{\376\377\000D\000a\000t\000o\000s\000\040\000d\000e\000\040\000G\000o\000o\000g\000l\000e}{section.31}% 21
\BOOKMARK [1][-]{section.35}{\376\377\000A\000n\000\341\000l\000i\000s\000i\000s\000\040\000d\000e\000\040\000r\000e\000q\000u\000i\000s\000i\000t\000o\000s}{chapter.30}% 22
\BOOKMARK [2][-]{subsection.36}{\376\377\000L\000e\000n\000g\000u\000a\000j\000e\000s}{section.35}% 23
\BOOKMARK [2][-]{subsection.40}{\376\377\000H\000e\000r\000r\000a\000m\000i\000e\000n\000t\000a\000s}{section.35}% 24
\BOOKMARK [2][-]{subsection.43}{\376\377\000T\000e\000c\000n\000o\000l\000o\000g\000\355\000a\000s}{section.35}% 25
\BOOKMARK [0][-]{chapter.46}{\376\377\000I\000m\000p\000l\000e\000m\000e\000n\000t\000a\000c\000i\000\363\000n\000\040\000d\000e\000\040\000l\000a\000\040\000a\000p\000l\000i\000c\000a\000c\000i\000\363\000n}{}% 26
\BOOKMARK [1][-]{section.50}{\376\377\000D\000e\000s\000c\000a\000r\000g\000a\000\040\000d\000e\000\040\000d\000a\000t\000o\000s\000\040\000d\000e\000\040\000F\000a\000c\000e\000b\000o\000o\000k}{chapter.46}% 27
\BOOKMARK [2][-]{subsection.52}{\376\377\000I\000d\000e\000n\000t\000i\000f\000i\000c\000a\000c\000i\000\363\000n\000\040\000d\000e\000\040\000u\000s\000u\000a\000r\000i\000o}{section.50}% 28
\BOOKMARK [2][-]{subsection.53}{\376\377\000D\000e\000s\000c\000a\000r\000g\000a\000\040\000d\000e\000\040\000d\000a\000t\000o\000s}{section.50}% 29
\BOOKMARK [2][-]{subsection.54}{\376\377\000P\000r\000e\000p\000a\000r\000a\000c\000i\000\363\000n\000\040\000d\000e\000\040\000c\000a\000r\000p\000e\000t\000a\000s}{section.50}% 30
\BOOKMARK [1][-]{section.55}{\376\377\000C\000r\000e\000a\000c\000i\000\363\000n\000\040\000d\000e\000\040\000l\000a\000s\000\040\000t\000a\000b\000l\000a\000s\000,\000\040\000p\000a\000r\000s\000e\000o\000\040\000d\000e\000\040\000J\000S\000O\000N\000\040\000e\000\040\000i\000n\000s\000e\000r\000c\000i\000\363\000n\000\040\000e\000n\000\040\000l\000a\000s\000\040\000t\000a\000b\000l\000a\000s}{chapter.46}% 31
\BOOKMARK [2][-]{subsection.57}{\376\377\000C\000r\000e\000a\000c\000i\000\363\000n\000\040\000d\000e\000\040\000t\000a\000b\000l\000a\000s\000\040\000S\000Q\000L}{section.55}% 32
\BOOKMARK [2][-]{subsection.59}{\376\377\000P\000a\000r\000s\000e\000o\000\040\000d\000e\000\040\000J\000S\000O\000N\000\040\000e\000\040\000i\000n\000s\000e\000r\000c\000i\000\363\000n\000\040\000e\000n\000\040\000l\000a\000s\000\040\000t\000a\000b\000l\000a\000s}{section.55}% 33
\BOOKMARK [1][-]{section.60}{\376\377\000T\000r\000a\000t\000a\000m\000i\000e\000n\000t\000o\000\040\000d\000e\000\040\000l\000o\000s\000\040\000d\000a\000t\000o\000s}{chapter.46}% 34
\BOOKMARK [2][-]{subsection.62}{\376\377\000T\000r\000a\000t\000a\000m\000i\000e\000n\000t\000o}{section.60}% 35
\BOOKMARK [2][-]{subsection.63}{\376\377\000E\000n\000v\000i\000\363\000\040\000d\000e\000\040\000d\000a\000t\000o\000s\000\040\000a\000\040\000l\000a\000\040\000i\000n\000t\000e\000r\000f\000a\000z}{section.60}% 36
\BOOKMARK [1][-]{section.64}{\376\377\000I\000n\000t\000e\000r\000f\000a\000z\000\040\000d\000e\000\040\000u\000s\000u\000a\000r\000i\000o\000\040\000v\000e\000r\000s\000i\000\363\000n\000\040\0001\000.}{chapter.46}% 37
\BOOKMARK [1][-]{section.66}{\376\377\000D\000e\000s\000c\000a\000r\000g\000a\000\040\000d\000e\000\040\000d\000a\000t\000o\000s\000\040\000d\000e\000\040\000G\000o\000o\000g\000l\000e}{chapter.46}% 38
\BOOKMARK [2][-]{subsection.67}{\376\377\000T\000u\000t\000o\000r\000i\000a\000l\000\040\000d\000e\000\040\000d\000e\000s\000c\000a\000r\000g\000a\000\040\000y\000\040\000p\000r\000e\000p\000a\000r\000a\000c\000i\000\363\000n}{section.66}% 39
\BOOKMARK [2][-]{subsection.68}{\376\377\000T\000r\000a\000t\000a\000m\000i\000e\000n\000t\000o\000\040\000y\000\040\000r\000e\000v\000a\000l\000o\000r\000i\000z\000a\000c\000i\000\363\000n\000\040\000d\000e\000\040\000l\000o\000s\000\040\000d\000a\000t\000o\000s}{section.66}% 40
\BOOKMARK [1][-]{section.69}{\376\377\000I\000n\000t\000e\000r\000f\000a\000z\000\040\000d\000e\000\040\000u\000s\000u\000a\000r\000i\000o\000\040\000v\000e\000r\000s\000i\000\363\000n\000\040\0002}{chapter.46}% 41
\BOOKMARK [0][-]{chapter.73}{\376\377\000C\000o\000n\000c\000l\000u\000s\000i\000o\000n\000e\000s\000\040\000y\000\040\000T\000r\000a\000b\000a\000j\000o\000\040\000F\000u\000t\000u\000r\000o}{}% 42
\BOOKMARK [1][-]{section.74}{\376\377\000T\000r\000a\000b\000a\000j\000o\000\040\000f\000u\000t\000u\000r\000o}{chapter.73}% 43
\BOOKMARK [0][-]{chapter.75}{\376\377\000C\000o\000n\000c\000l\000u\000s\000i\000o\000n\000s\000\040\000a\000n\000d\000\040\000F\000u\000t\000u\000r\000e\000\040\000W\000o\000r\000k}{}% 44
\BOOKMARK [1][-]{section.76}{\376\377\000F\000u\000t\000u\000r\000e\000\040\000w\000o\000r\000k}{chapter.75}% 45
\BOOKMARK [0][-]{chapter.77}{\376\377\000C\000o\000n\000t\000r\000i\000b\000u\000c\000i\000\363\000n\000\040\000i\000n\000d\000i\000v\000i\000d\000u\000a\000l}{}% 46
\BOOKMARK [1][-]{section.78}{\376\377\000C\000r\000i\000s\000t\000i\000a\000n\000\040\000M\000o\000l\000i\000n\000a\000\040\000M\000u\000\361\000o\000z}{chapter.77}% 47
\BOOKMARK [2][-]{subsection.79}{\376\377\000A\000n\000\341\000l\000i\000s\000i\000s\000\040\000e\000\040\000i\000n\000v\000e\000s\000t\000i\000g\000a\000c\000i\000\363\000n}{section.78}% 48
\BOOKMARK [2][-]{subsection.80}{\376\377\000D\000e\000s\000c\000a\000r\000g\000a\000\040\000d\000e\000\040\000d\000a\000t\000o\000s}{section.78}% 49
\BOOKMARK [2][-]{subsection.81}{\376\377\000C\000r\000e\000a\000c\000i\000\363\000n\000\040\000d\000e\000\040\000l\000a\000s\000\040\000t\000a\000b\000l\000a\000s\000,\000\040\000p\000a\000r\000s\000e\000o\000\040\000d\000e\000\040\000J\000S\000O\000N\000\040\000e\000\040\000i\000n\000s\000e\000r\000c\000i\000\363\000n}{section.78}% 50
\BOOKMARK [2][-]{subsection.82}{\376\377\000T\000r\000a\000t\000a\000m\000i\000e\000n\000t\000o\000\040\000d\000e\000\040\000l\000o\000s\000\040\000d\000a\000t\000o\000s}{section.78}% 51
\BOOKMARK [2][-]{subsection.83}{\376\377\000I\000n\000t\000e\000r\000f\000a\000z\000\040\000d\000e\000\040\000u\000s\000u\000a\000r\000i\000o}{section.78}% 52
\BOOKMARK [2][-]{subsection.84}{\376\377\000M\000e\000m\000o\000r\000i\000a}{section.78}% 53
\BOOKMARK [1][-]{section.85}{\376\377\000P\000a\000b\000l\000o\000\040\000A\000g\000u\000i\000l\000e\000r\000a\000\040\000H\000e\000r\000e\000d\000e\000r\000o}{chapter.77}% 54
\BOOKMARK [2][-]{subsection.86}{\376\377\000A\000n\000\341\000l\000i\000s\000i\000s\000\040\000e\000\040\000i\000n\000v\000e\000s\000t\000i\000g\000a\000c\000i\000\363\000n}{section.85}% 55
\BOOKMARK [2][-]{subsection.87}{\376\377\000D\000e\000s\000c\000a\000r\000g\000a\000\040\000d\000e\000\040\000d\000a\000t\000o\000s}{section.85}% 56
\BOOKMARK [2][-]{subsection.88}{\376\377\000C\000r\000e\000a\000c\000i\000\363\000n\000\040\000d\000e\000\040\000l\000a\000s\000\040\000t\000a\000b\000l\000a\000s\000,\000\040\000p\000a\000r\000s\000e\000o\000\040\000d\000e\000\040\000J\000S\000O\000N\000\040\000e\000\040\000i\000n\000s\000e\000r\000c\000i\000\363\000n}{section.85}% 57
\BOOKMARK [2][-]{subsection.89}{\376\377\000T\000r\000a\000t\000a\000m\000i\000e\000n\000t\000o\000\040\000d\000e\000\040\000l\000o\000s\000\040\000d\000a\000t\000o\000s}{section.85}% 58
\BOOKMARK [2][-]{subsection.90}{\376\377\000I\000n\000t\000e\000r\000f\000a\000z\000\040\000d\000e\000\040\000u\000s\000u\000a\000r\000i\000o}{section.85}% 59
\BOOKMARK [2][-]{subsection.91}{\376\377\000M\000e\000m\000o\000r\000i\000a}{section.85}% 60
\BOOKMARK [0][-]{appendix.92}{\376\377\000T\000a\000b\000l\000a\000s\000\040\000d\000e\000\040\000S\000Q\000L}{}% 61
\BOOKMARK [0][-]{appendix.93}{\376\377\000M\000a\000n\000u\000a\000l\000\040\000d\000e\000\040\000u\000s\000u\000a\000r\000i\000o\000\040\000y\000\040\000c\000a\000s\000o\000s\000\040\000d\000e\000\040\000u\000s\000o}{}% 62
\BOOKMARK [1][-]{section.94}{\376\377\000G\000u\000\355\000a\000\040\000p\000a\000r\000a\000\040\000l\000a\000\040\000i\000n\000s\000t\000a\000l\000a\000c\000i\000\363\000n}{appendix.93}% 63
\BOOKMARK [1][-]{section.95}{\376\377\000M\000a\000n\000u\000a\000l\000\040\000d\000e\000\040\000u\000s\000u\000a\000r\000i\000o}{appendix.93}% 64
\BOOKMARK [2][-]{subsection.96}{\376\377\000B\000i\000e\000n\000v\000e\000n\000i\000d\000a\000\040\000y\000\040\000l\000o\000g\000i\000n}{section.95}% 65
\BOOKMARK [2][-]{subsection.99}{\376\377\000D\000e\000s\000c\000a\000r\000g\000a\000\040\000d\000e\000\040\000D\000a\000t\000o\000s}{section.95}% 66
\BOOKMARK [2][-]{subsection.107}{\376\377\000C\000r\000e\000a\000c\000i\000\363\000n\000\040\000d\000e\000\040\000l\000a\000s\000\040\000t\000a\000b\000l\000a\000s}{section.95}% 67
\BOOKMARK [2][-]{subsection.108}{\376\377\000I\000n\000t\000e\000r\000f\000a\000z\000\040\000g\000r\000\341\000f\000i\000c\000a\000\040\000p\000a\000r\000a\000\040\000v\000i\000s\000u\000a\000l\000i\000z\000a\000r\000\040\000d\000a\000t\000o\000s}{section.95}% 68
\BOOKMARK [0][-]{appendix*.120}{\376\377\000B\000i\000b\000l\000i\000o\000g\000r\000a\000f\000\355\000a}{}% 69
\BOOKMARK [0][-]{fin.0}{\376\377\000F\000i\000n}{}% 70
